This is pdfTeX, Version 3.141592653-2.6-1.40.27 (MiKTeX 25.4) (preloaded format=pdflatex 2025.10.21)  13 JAN 2026 20:22
entering extended mode
 restricted \write18 enabled.
 %&-line parsing enabled.
**./project_prasentation.tex
(project_prasentation.tex
LaTeX2e <2025-06-01> patch level 1
L3 programming layer <2025-09-02>

(D:\WpSystem\S-1-5-21-3980317125-2991037478-2579826307-1003\AppData\Local\Packa
ges\MikTex\tex/latex/beamer\beamer.cls
Document Class: beamer 2025/08/13 v3.76 A class for typesetting presentations

(D:\WpSystem\S-1-5-21-3980317125-2991037478-2579826307-1003\AppData\Local\Packa
ges\MikTex\tex/latex/beamer\beamerbasemodes.sty
(D:\WpSystem\S-1-5-21-3980317125-2991037478-2579826307-1003\AppData\Local\Packa
ges\MikTex\tex/latex/etoolbox\etoolbox.sty
Package: etoolbox 2025/10/02 v2.5m e-TeX tools for LaTeX (JAW)
\etb@tempcnta=\count275
)
\beamer@tempbox=\box53
\beamer@tempcount=\count276
\c@beamerpauses=\count277

(D:\WpSystem\S-1-5-21-3980317125-2991037478-2579826307-1003\AppData\Local\Packa
ges\MikTex\tex/latex/beamer\beamerbasedecode.sty
\beamer@slideinframe=\count278
\beamer@minimum=\count279
\beamer@decode@box=\box54
)
\beamer@commentbox=\box55
\beamer@modecount=\count280
)
(D:\WpSystem\S-1-5-21-3980317125-2991037478-2579826307-1003\AppData\Local\Packa
ges\MikTex\tex/generic/iftex\iftex.sty
Package: iftex 2024/12/12 v1.0g TeX engine tests
)
\headdp=\dimen148
\footheight=\dimen149
\sidebarheight=\dimen150
\beamer@tempdim=\dimen151
\beamer@finalheight=\dimen152
\beamer@animht=\dimen153
\beamer@animdp=\dimen154
\beamer@animwd=\dimen155
\beamer@leftmargin=\dimen156
\beamer@rightmargin=\dimen157
\beamer@leftsidebar=\dimen158
\beamer@rightsidebar=\dimen159
\beamer@boxsize=\dimen160
\beamer@vboxoffset=\dimen161
\beamer@descdefault=\dimen162
\beamer@descriptionwidth=\dimen163
\beamer@lastskip=\skip49
\beamer@areabox=\box56
\beamer@animcurrent=\box57
\beamer@animshowbox=\box58
\beamer@sectionbox=\box59
\beamer@logobox=\box60
\beamer@linebox=\box61
\beamer@sectioncount=\count281
\beamer@subsubsectionmax=\count282
\beamer@subsectionmax=\count283
\beamer@sectionmax=\count284
\beamer@totalheads=\count285
\beamer@headcounter=\count286
\beamer@partstartpage=\count287
\beamer@sectionstartpage=\count288
\beamer@subsectionstartpage=\count289
\beamer@animationtempa=\count290
\beamer@animationtempb=\count291
\beamer@xpos=\count292
\beamer@ypos=\count293
\beamer@ypos@offset=\count294
\beamer@showpartnumber=\count295
\beamer@currentsubsection=\count296
\beamer@coveringdepth=\count297
\beamer@sectionadjust=\count298
\beamer@toclastsection=\count299
\beamer@tocsectionnumber=\count300

(D:\WpSystem\S-1-5-21-3980317125-2991037478-2579826307-1003\AppData\Local\Packa
ges\MikTex\tex/latex/beamer\beamerbaseoptions.sty
(D:\WpSystem\S-1-5-21-3980317125-2991037478-2579826307-1003\AppData\Local\Packa
ges\MikTex\tex/latex/graphics\keyval.sty
Package: keyval 2022/05/29 v1.15 key=value parser (DPC)
\KV@toks@=\toks17
))
\beamer@paperwidth=\skip50
\beamer@paperheight=\skip51

(D:\WpSystem\S-1-5-21-3980317125-2991037478-2579826307-1003\AppData\Local\Packa
ges\MikTex\tex/latex/geometry\geometry.sty
Package: geometry 2020/01/02 v5.9 Page Geometry

(D:\WpSystem\S-1-5-21-3980317125-2991037478-2579826307-1003\AppData\Local\Packa
ges\MikTex\tex/generic/iftex\ifvtex.sty
Package: ifvtex 2019/10/25 v1.7 ifvtex legacy package. Use iftex instead.
)
\Gm@cnth=\count301
\Gm@cntv=\count302
\c@Gm@tempcnt=\count303
\Gm@bindingoffset=\dimen164
\Gm@wd@mp=\dimen165
\Gm@odd@mp=\dimen166
\Gm@even@mp=\dimen167
\Gm@layoutwidth=\dimen168
\Gm@layoutheight=\dimen169
\Gm@layouthoffset=\dimen170
\Gm@layoutvoffset=\dimen171
\Gm@dimlist=\toks18

(D:\WpSystem\S-1-5-21-3980317125-2991037478-2579826307-1003\AppData\Local\Packa
ges\MikTex\tex/latex/geometry\geometry.cfg))
(D:\WpSystem\S-1-5-21-3980317125-2991037478-2579826307-1003\AppData\Local\Packa
ges\MikTex\tex/latex/pgf/math\pgfmath.sty
(D:\WpSystem\S-1-5-21-3980317125-2991037478-2579826307-1003\AppData\Local\Packa
ges\MikTex\tex/latex/pgf/utilities\pgfrcs.sty
(D:\WpSystem\S-1-5-21-3980317125-2991037478-2579826307-1003\AppData\Local\Packa
ges\MikTex\tex/generic/pgf/utilities\pgfutil-common.tex
\pgfutil@everybye=\toks19
\pgfutil@tempdima=\dimen172
\pgfutil@tempdimb=\dimen173
)
(D:\WpSystem\S-1-5-21-3980317125-2991037478-2579826307-1003\AppData\Local\Packa
ges\MikTex\tex/generic/pgf/utilities\pgfutil-latex.def
\pgfutil@abb=\box62
)
(D:\WpSystem\S-1-5-21-3980317125-2991037478-2579826307-1003\AppData\Local\Packa
ges\MikTex\tex/generic/pgf/utilities\pgfrcs.code.tex
(D:\WpSystem\S-1-5-21-3980317125-2991037478-2579826307-1003\AppData\Local\Packa
ges\MikTex\tex/generic/pgf\pgf.revision.tex)
Package: pgfrcs 2025-08-29 v3.1.11a (3.1.11a)
))
(D:\WpSystem\S-1-5-21-3980317125-2991037478-2579826307-1003\AppData\Local\Packa
ges\MikTex\tex/latex/pgf/utilities\pgfkeys.sty
(D:\WpSystem\S-1-5-21-3980317125-2991037478-2579826307-1003\AppData\Local\Packa
ges\MikTex\tex/generic/pgf/utilities\pgfkeys.code.tex
\pgfkeys@pathtoks=\toks20
\pgfkeys@temptoks=\toks21

(D:\WpSystem\S-1-5-21-3980317125-2991037478-2579826307-1003\AppData\Local\Packa
ges\MikTex\tex/generic/pgf/utilities\pgfkeyslibraryfiltered.code.tex
\pgfkeys@tmptoks=\toks22
)))
(D:\WpSystem\S-1-5-21-3980317125-2991037478-2579826307-1003\AppData\Local\Packa
ges\MikTex\tex/generic/pgf/math\pgfmath.code.tex
(D:\WpSystem\S-1-5-21-3980317125-2991037478-2579826307-1003\AppData\Local\Packa
ges\MikTex\tex/generic/pgf/math\pgfmathutil.code.tex
\pgf@x=\dimen174
\pgf@xa=\dimen175
\pgf@xb=\dimen176
\pgf@xc=\dimen177
\pgf@y=\dimen178
\pgf@ya=\dimen179
\pgf@yb=\dimen180
\pgf@yc=\dimen181
\c@pgf@counta=\count304
\c@pgf@countb=\count305
\c@pgf@countc=\count306
\c@pgf@countd=\count307
)
(D:\WpSystem\S-1-5-21-3980317125-2991037478-2579826307-1003\AppData\Local\Packa
ges\MikTex\tex/generic/pgf/math\pgfmathparser.code.tex
\pgfmath@dimen=\dimen182
\pgfmath@count=\count308
\pgfmath@box=\box63
\pgfmath@toks=\toks23
\pgfmath@stack@operand=\toks24
\pgfmath@stack@operation=\toks25
)
(D:\WpSystem\S-1-5-21-3980317125-2991037478-2579826307-1003\AppData\Local\Packa
ges\MikTex\tex/generic/pgf/math\pgfmathfunctions.code.tex)
(D:\WpSystem\S-1-5-21-3980317125-2991037478-2579826307-1003\AppData\Local\Packa
ges\MikTex\tex/generic/pgf/math\pgfmathfunctions.basic.code.tex)
(D:\WpSystem\S-1-5-21-3980317125-2991037478-2579826307-1003\AppData\Local\Packa
ges\MikTex\tex/generic/pgf/math\pgfmathfunctions.trigonometric.code.tex)
(D:\WpSystem\S-1-5-21-3980317125-2991037478-2579826307-1003\AppData\Local\Packa
ges\MikTex\tex/generic/pgf/math\pgfmathfunctions.random.code.tex)
(D:\WpSystem\S-1-5-21-3980317125-2991037478-2579826307-1003\AppData\Local\Packa
ges\MikTex\tex/generic/pgf/math\pgfmathfunctions.comparison.code.tex)
(D:\WpSystem\S-1-5-21-3980317125-2991037478-2579826307-1003\AppData\Local\Packa
ges\MikTex\tex/generic/pgf/math\pgfmathfunctions.base.code.tex)
(D:\WpSystem\S-1-5-21-3980317125-2991037478-2579826307-1003\AppData\Local\Packa
ges\MikTex\tex/generic/pgf/math\pgfmathfunctions.round.code.tex)
(D:\WpSystem\S-1-5-21-3980317125-2991037478-2579826307-1003\AppData\Local\Packa
ges\MikTex\tex/generic/pgf/math\pgfmathfunctions.misc.code.tex)
(D:\WpSystem\S-1-5-21-3980317125-2991037478-2579826307-1003\AppData\Local\Packa
ges\MikTex\tex/generic/pgf/math\pgfmathfunctions.integerarithmetics.code.tex)
(D:\WpSystem\S-1-5-21-3980317125-2991037478-2579826307-1003\AppData\Local\Packa
ges\MikTex\tex/generic/pgf/math\pgfmathcalc.code.tex)
(D:\WpSystem\S-1-5-21-3980317125-2991037478-2579826307-1003\AppData\Local\Packa
ges\MikTex\tex/generic/pgf/math\pgfmathfloat.code.tex
\c@pgfmathroundto@lastzeros=\count309
)))
(D:\WpSystem\S-1-5-21-3980317125-2991037478-2579826307-1003\AppData\Local\Packa
ges\MikTex\tex/latex/base\size10.clo
File: size10.clo 2025/01/22 v1.4n Standard LaTeX file (size option)
)
(D:\WpSystem\S-1-5-21-3980317125-2991037478-2579826307-1003\AppData\Local\Packa
ges\MikTex\tex/latex/pgf/basiclayer\pgfcore.sty
(D:\WpSystem\S-1-5-21-3980317125-2991037478-2579826307-1003\AppData\Local\Packa
ges\MikTex\tex/latex/graphics\graphicx.sty
Package: graphicx 2024/12/31 v1.2e Enhanced LaTeX Graphics (DPC,SPQR)

(D:\WpSystem\S-1-5-21-3980317125-2991037478-2579826307-1003\AppData\Local\Packa
ges\MikTex\tex/latex/graphics\graphics.sty
Package: graphics 2024/08/06 v1.4g Standard LaTeX Graphics (DPC,SPQR)

(D:\WpSystem\S-1-5-21-3980317125-2991037478-2579826307-1003\AppData\Local\Packa
ges\MikTex\tex/latex/graphics\trig.sty
Package: trig 2023/12/02 v1.11 sin cos tan (DPC)
)
(D:\WpSystem\S-1-5-21-3980317125-2991037478-2579826307-1003\AppData\Local\Packa
ges\MikTex\tex/latex/graphics-cfg\graphics.cfg
File: graphics.cfg 2016/06/04 v1.11 sample graphics configuration
)
Package graphics Info: Driver file: pdftex.def on input line 106.

(D:\WpSystem\S-1-5-21-3980317125-2991037478-2579826307-1003\AppData\Local\Packa
ges\MikTex\tex/latex/graphics-def\pdftex.def
File: pdftex.def 2025/09/29 v1.2d Graphics/color driver for pdftex
))
\Gin@req@height=\dimen183
\Gin@req@width=\dimen184
)
(D:\WpSystem\S-1-5-21-3980317125-2991037478-2579826307-1003\AppData\Local\Packa
ges\MikTex\tex/latex/pgf/systemlayer\pgfsys.sty
(D:\WpSystem\S-1-5-21-3980317125-2991037478-2579826307-1003\AppData\Local\Packa
ges\MikTex\tex/generic/pgf/systemlayer\pgfsys.code.tex
Package: pgfsys 2025-08-29 v3.1.11a (3.1.11a)
\pgf@x=\dimen185
\pgf@y=\dimen186
\pgf@xa=\dimen187
\pgf@ya=\dimen188
\pgf@xb=\dimen189
\pgf@yb=\dimen190
\pgf@xc=\dimen191
\pgf@yc=\dimen192
\pgf@xd=\dimen193
\pgf@yd=\dimen194
\w@pgf@writea=\write3
\r@pgf@reada=\read2
\c@pgf@counta=\count310
\c@pgf@countb=\count311
\c@pgf@countc=\count312
\c@pgf@countd=\count313
\t@pgf@toka=\toks26
\t@pgf@tokb=\toks27
\t@pgf@tokc=\toks28
\pgf@sys@id@count=\count314

(D:\WpSystem\S-1-5-21-3980317125-2991037478-2579826307-1003\AppData\Local\Packa
ges\MikTex\tex/generic/pgf/systemlayer\pgf.cfg
File: pgf.cfg 2025-08-29 v3.1.11a (3.1.11a)
)
Driver file for pgf: pgfsys-pdftex.def

(D:\WpSystem\S-1-5-21-3980317125-2991037478-2579826307-1003\AppData\Local\Packa
ges\MikTex\tex/generic/pgf/systemlayer\pgfsys-pdftex.def
File: pgfsys-pdftex.def 2025-08-29 v3.1.11a (3.1.11a)

(D:\WpSystem\S-1-5-21-3980317125-2991037478-2579826307-1003\AppData\Local\Packa
ges\MikTex\tex/generic/pgf/systemlayer\pgfsys-common-pdf.def
File: pgfsys-common-pdf.def 2025-08-29 v3.1.11a (3.1.11a)
)))
(D:\WpSystem\S-1-5-21-3980317125-2991037478-2579826307-1003\AppData\Local\Packa
ges\MikTex\tex/generic/pgf/systemlayer\pgfsyssoftpath.code.tex
File: pgfsyssoftpath.code.tex 2025-08-29 v3.1.11a (3.1.11a)
\pgfsyssoftpath@smallbuffer@items=\count315
\pgfsyssoftpath@bigbuffer@items=\count316
)
(D:\WpSystem\S-1-5-21-3980317125-2991037478-2579826307-1003\AppData\Local\Packa
ges\MikTex\tex/generic/pgf/systemlayer\pgfsysprotocol.code.tex
File: pgfsysprotocol.code.tex 2025-08-29 v3.1.11a (3.1.11a)
))
(D:\WpSystem\S-1-5-21-3980317125-2991037478-2579826307-1003\AppData\Local\Packa
ges\MikTex\tex/latex/xcolor\xcolor.sty
Package: xcolor 2024/09/29 v3.02 LaTeX color extensions (UK)

(D:\WpSystem\S-1-5-21-3980317125-2991037478-2579826307-1003\AppData\Local\Packa
ges\MikTex\tex/latex/graphics-cfg\color.cfg
File: color.cfg 2016/01/02 v1.6 sample color configuration
)
Package xcolor Info: Driver file: pdftex.def on input line 274.

(D:\WpSystem\S-1-5-21-3980317125-2991037478-2579826307-1003\AppData\Local\Packa
ges\MikTex\tex/latex/graphics\mathcolor.ltx)
Package xcolor Info: Model `cmy' substituted by `cmy0' on input line 1349.
Package xcolor Info: Model `hsb' substituted by `rgb' on input line 1353.
Package xcolor Info: Model `RGB' extended on input line 1365.
Package xcolor Info: Model `HTML' substituted by `rgb' on input line 1367.
Package xcolor Info: Model `Hsb' substituted by `hsb' on input line 1368.
Package xcolor Info: Model `tHsb' substituted by `hsb' on input line 1369.
Package xcolor Info: Model `HSB' substituted by `hsb' on input line 1370.
Package xcolor Info: Model `Gray' substituted by `gray' on input line 1371.
Package xcolor Info: Model `wave' substituted by `hsb' on input line 1372.
)
(D:\WpSystem\S-1-5-21-3980317125-2991037478-2579826307-1003\AppData\Local\Packa
ges\MikTex\tex/generic/pgf/basiclayer\pgfcore.code.tex
Package: pgfcore 2025-08-29 v3.1.11a (3.1.11a)

(D:\WpSystem\S-1-5-21-3980317125-2991037478-2579826307-1003\AppData\Local\Packa
ges\MikTex\tex/generic/pgf/math\pgfint.code.tex)
(D:\WpSystem\S-1-5-21-3980317125-2991037478-2579826307-1003\AppData\Local\Packa
ges\MikTex\tex/generic/pgf/basiclayer\pgfcorepoints.code.tex
File: pgfcorepoints.code.tex 2025-08-29 v3.1.11a (3.1.11a)
\pgf@picminx=\dimen195
\pgf@picmaxx=\dimen196
\pgf@picminy=\dimen197
\pgf@picmaxy=\dimen198
\pgf@pathminx=\dimen199
\pgf@pathmaxx=\dimen256
\pgf@pathminy=\dimen257
\pgf@pathmaxy=\dimen258
\pgf@xx=\dimen259
\pgf@xy=\dimen260
\pgf@yx=\dimen261
\pgf@yy=\dimen262
\pgf@zx=\dimen263
\pgf@zy=\dimen264
)
(D:\WpSystem\S-1-5-21-3980317125-2991037478-2579826307-1003\AppData\Local\Packa
ges\MikTex\tex/generic/pgf/basiclayer\pgfcorepathconstruct.code.tex
File: pgfcorepathconstruct.code.tex 2025-08-29 v3.1.11a (3.1.11a)
\pgf@path@lastx=\dimen265
\pgf@path@lasty=\dimen266
)
(D:\WpSystem\S-1-5-21-3980317125-2991037478-2579826307-1003\AppData\Local\Packa
ges\MikTex\tex/generic/pgf/basiclayer\pgfcorepathusage.code.tex
File: pgfcorepathusage.code.tex 2025-08-29 v3.1.11a (3.1.11a)
\pgf@shorten@end@additional=\dimen267
\pgf@shorten@start@additional=\dimen268
)
(D:\WpSystem\S-1-5-21-3980317125-2991037478-2579826307-1003\AppData\Local\Packa
ges\MikTex\tex/generic/pgf/basiclayer\pgfcorescopes.code.tex
File: pgfcorescopes.code.tex 2025-08-29 v3.1.11a (3.1.11a)
\pgfpic=\box64
\pgf@hbox=\box65
\pgf@layerbox@main=\box66
\pgf@picture@serial@count=\count317
)
(D:\WpSystem\S-1-5-21-3980317125-2991037478-2579826307-1003\AppData\Local\Packa
ges\MikTex\tex/generic/pgf/basiclayer\pgfcoregraphicstate.code.tex
File: pgfcoregraphicstate.code.tex 2025-08-29 v3.1.11a (3.1.11a)
\pgflinewidth=\dimen269
)
(D:\WpSystem\S-1-5-21-3980317125-2991037478-2579826307-1003\AppData\Local\Packa
ges\MikTex\tex/generic/pgf/basiclayer\pgfcoretransformations.code.tex
File: pgfcoretransformations.code.tex 2025-08-29 v3.1.11a (3.1.11a)
\pgf@pt@x=\dimen270
\pgf@pt@y=\dimen271
\pgf@pt@temp=\dimen272
)
(D:\WpSystem\S-1-5-21-3980317125-2991037478-2579826307-1003\AppData\Local\Packa
ges\MikTex\tex/generic/pgf/basiclayer\pgfcorequick.code.tex
File: pgfcorequick.code.tex 2025-08-29 v3.1.11a (3.1.11a)
)
(D:\WpSystem\S-1-5-21-3980317125-2991037478-2579826307-1003\AppData\Local\Packa
ges\MikTex\tex/generic/pgf/basiclayer\pgfcoreobjects.code.tex
File: pgfcoreobjects.code.tex 2025-08-29 v3.1.11a (3.1.11a)
)
(D:\WpSystem\S-1-5-21-3980317125-2991037478-2579826307-1003\AppData\Local\Packa
ges\MikTex\tex/generic/pgf/basiclayer\pgfcorepathprocessing.code.tex
File: pgfcorepathprocessing.code.tex 2025-08-29 v3.1.11a (3.1.11a)
)
(D:\WpSystem\S-1-5-21-3980317125-2991037478-2579826307-1003\AppData\Local\Packa
ges\MikTex\tex/generic/pgf/basiclayer\pgfcorearrows.code.tex
File: pgfcorearrows.code.tex 2025-08-29 v3.1.11a (3.1.11a)
\pgfarrowsep=\dimen273
)
(D:\WpSystem\S-1-5-21-3980317125-2991037478-2579826307-1003\AppData\Local\Packa
ges\MikTex\tex/generic/pgf/basiclayer\pgfcoreshade.code.tex
File: pgfcoreshade.code.tex 2025-08-29 v3.1.11a (3.1.11a)
\pgf@max=\dimen274
\pgf@sys@shading@range@num=\count318
\pgf@shadingcount=\count319
)
(D:\WpSystem\S-1-5-21-3980317125-2991037478-2579826307-1003\AppData\Local\Packa
ges\MikTex\tex/generic/pgf/basiclayer\pgfcoreimage.code.tex
File: pgfcoreimage.code.tex 2025-08-29 v3.1.11a (3.1.11a)
)
(D:\WpSystem\S-1-5-21-3980317125-2991037478-2579826307-1003\AppData\Local\Packa
ges\MikTex\tex/generic/pgf/basiclayer\pgfcoreexternal.code.tex
File: pgfcoreexternal.code.tex 2025-08-29 v3.1.11a (3.1.11a)
\pgfexternal@startupbox=\box67
)
(D:\WpSystem\S-1-5-21-3980317125-2991037478-2579826307-1003\AppData\Local\Packa
ges\MikTex\tex/generic/pgf/basiclayer\pgfcorelayers.code.tex
File: pgfcorelayers.code.tex 2025-08-29 v3.1.11a (3.1.11a)
)
(D:\WpSystem\S-1-5-21-3980317125-2991037478-2579826307-1003\AppData\Local\Packa
ges\MikTex\tex/generic/pgf/basiclayer\pgfcoretransparency.code.tex
File: pgfcoretransparency.code.tex 2025-08-29 v3.1.11a (3.1.11a)
)
(D:\WpSystem\S-1-5-21-3980317125-2991037478-2579826307-1003\AppData\Local\Packa
ges\MikTex\tex/generic/pgf/basiclayer\pgfcorepatterns.code.tex
File: pgfcorepatterns.code.tex 2025-08-29 v3.1.11a (3.1.11a)
)
(D:\WpSystem\S-1-5-21-3980317125-2991037478-2579826307-1003\AppData\Local\Packa
ges\MikTex\tex/generic/pgf/basiclayer\pgfcorerdf.code.tex
File: pgfcorerdf.code.tex 2025-08-29 v3.1.11a (3.1.11a)
)))
(D:\WpSystem\S-1-5-21-3980317125-2991037478-2579826307-1003\AppData\Local\Packa
ges\MikTex\tex/latex/pgf/utilities\xxcolor.sty
Package: xxcolor 2003/10/24 ver 0.1
\XC@nummixins=\count320
\XC@countmixins=\count321
)
(D:\WpSystem\S-1-5-21-3980317125-2991037478-2579826307-1003\AppData\Local\Packa
ges\MikTex\tex/latex/base\atbegshi-ltx.sty
Package: atbegshi-ltx 2021/01/10 v1.0c Emulation of the original atbegshi
package with kernel methods
)
(D:\WpSystem\S-1-5-21-3980317125-2991037478-2579826307-1003\AppData\Local\Packa
ges\MikTex\tex/latex/hyperref\hyperref.sty
Package: hyperref 2025-07-12 v7.01o Hypertext links for LaTeX

(D:\WpSystem\S-1-5-21-3980317125-2991037478-2579826307-1003\AppData\Local\Packa
ges\MikTex\tex/latex/kvsetkeys\kvsetkeys.sty
Package: kvsetkeys 2022-10-05 v1.19 Key value parser (HO)
)
(D:\WpSystem\S-1-5-21-3980317125-2991037478-2579826307-1003\AppData\Local\Packa
ges\MikTex\tex/generic/kvdefinekeys\kvdefinekeys.sty
Package: kvdefinekeys 2019-12-19 v1.6 Define keys (HO)
)
(D:\WpSystem\S-1-5-21-3980317125-2991037478-2579826307-1003\AppData\Local\Packa
ges\MikTex\tex/generic/pdfescape\pdfescape.sty
Package: pdfescape 2019/12/09 v1.15 Implements pdfTeX's escape features (HO)

(D:\WpSystem\S-1-5-21-3980317125-2991037478-2579826307-1003\AppData\Local\Packa
ges\MikTex\tex/generic/ltxcmds\ltxcmds.sty
Package: ltxcmds 2023-12-04 v1.26 LaTeX kernel commands for general use (HO)
)
(D:\WpSystem\S-1-5-21-3980317125-2991037478-2579826307-1003\AppData\Local\Packa
ges\MikTex\tex/generic/pdftexcmds\pdftexcmds.sty
Package: pdftexcmds 2020-06-27 v0.33 Utility functions of pdfTeX for LuaTeX (HO
)

(D:\WpSystem\S-1-5-21-3980317125-2991037478-2579826307-1003\AppData\Local\Packa
ges\MikTex\tex/generic/infwarerr\infwarerr.sty
Package: infwarerr 2019/12/03 v1.5 Providing info/warning/error messages (HO)
)
Package pdftexcmds Info: \pdf@primitive is available.
Package pdftexcmds Info: \pdf@ifprimitive is available.
Package pdftexcmds Info: \pdfdraftmode found.
))
(D:\WpSystem\S-1-5-21-3980317125-2991037478-2579826307-1003\AppData\Local\Packa
ges\MikTex\tex/latex/hycolor\hycolor.sty
Package: hycolor 2020-01-27 v1.10 Color options for hyperref/bookmark (HO)
)
(D:\WpSystem\S-1-5-21-3980317125-2991037478-2579826307-1003\AppData\Local\Packa
ges\MikTex\tex/latex/hyperref\nameref.sty
Package: nameref 2025-06-21 v2.57 Cross-referencing by name of section

(D:\WpSystem\S-1-5-21-3980317125-2991037478-2579826307-1003\AppData\Local\Packa
ges\MikTex\tex/latex/refcount\refcount.sty
Package: refcount 2019/12/15 v3.6 Data extraction from label references (HO)
)
(D:\WpSystem\S-1-5-21-3980317125-2991037478-2579826307-1003\AppData\Local\Packa
ges\MikTex\tex/generic/gettitlestring\gettitlestring.sty
Package: gettitlestring 2019/12/15 v1.6 Cleanup title references (HO)

(D:\WpSystem\S-1-5-21-3980317125-2991037478-2579826307-1003\AppData\Local\Packa
ges\MikTex\tex/latex/kvoptions\kvoptions.sty
Package: kvoptions 2022-06-15 v3.15 Key value format for package options (HO)
))
\c@section@level=\count322
)
(D:\WpSystem\S-1-5-21-3980317125-2991037478-2579826307-1003\AppData\Local\Packa
ges\MikTex\tex/generic/stringenc\stringenc.sty
Package: stringenc 2019/11/29 v1.12 Convert strings between diff. encodings (HO
)
)
\@linkdim=\dimen275
\Hy@linkcounter=\count323
\Hy@pagecounter=\count324

(D:\WpSystem\S-1-5-21-3980317125-2991037478-2579826307-1003\AppData\Local\Packa
ges\MikTex\tex/latex/hyperref\pd1enc.def
File: pd1enc.def 2025-07-12 v7.01o Hyperref: PDFDocEncoding definition (HO)
Now handling font encoding PD1 ...
... no UTF-8 mapping file for font encoding PD1
)
(D:\WpSystem\S-1-5-21-3980317125-2991037478-2579826307-1003\AppData\Local\Packa
ges\MikTex\tex/generic/intcalc\intcalc.sty
Package: intcalc 2019/12/15 v1.3 Expandable calculations with integers (HO)
)
\Hy@SavedSpaceFactor=\count325

(D:\WpSystem\S-1-5-21-3980317125-2991037478-2579826307-1003\AppData\Local\Packa
ges\MikTex\tex/latex/hyperref\puenc.def
File: puenc.def 2025-07-12 v7.01o Hyperref: PDF Unicode definition (HO)
Now handling font encoding PU ...
... no UTF-8 mapping file for font encoding PU
)
Package hyperref Info: Option `bookmarks' set `true' on input line 4066.
Package hyperref Info: Option `bookmarksopen' set `true' on input line 4066.
Package hyperref Info: Option `implicit' set `false' on input line 4066.
Package hyperref Info: Hyper figures OFF on input line 4195.
Package hyperref Info: Link nesting OFF on input line 4200.
Package hyperref Info: Hyper index ON on input line 4203.
Package hyperref Info: Plain pages OFF on input line 4210.
Package hyperref Info: Backreferencing OFF on input line 4215.
Package hyperref Info: Implicit mode OFF; no redefinition of LaTeX internals.
Package hyperref Info: Bookmarks ON on input line 4462.
\c@Hy@tempcnt=\count326

(D:\WpSystem\S-1-5-21-3980317125-2991037478-2579826307-1003\AppData\Local\Packa
ges\MikTex\tex/latex/url\url.sty
\Urlmuskip=\muskip17
Package: url 2013/09/16  ver 3.4  Verb mode for urls, etc.
)
LaTeX Info: Redefining \url on input line 4801.
\XeTeXLinkMargin=\dimen276

(D:\WpSystem\S-1-5-21-3980317125-2991037478-2579826307-1003\AppData\Local\Packa
ges\MikTex\tex/generic/bitset\bitset.sty
Package: bitset 2019/12/09 v1.3 Handle bit-vector datatype (HO)

(D:\WpSystem\S-1-5-21-3980317125-2991037478-2579826307-1003\AppData\Local\Packa
ges\MikTex\tex/generic/bigintcalc\bigintcalc.sty
Package: bigintcalc 2019/12/15 v1.5 Expandable calculations on big integers (HO
)
))
\Fld@menulength=\count327
\Field@Width=\dimen277
\Fld@charsize=\dimen278
Package hyperref Info: Hyper figures OFF on input line 6078.
Package hyperref Info: Link nesting OFF on input line 6083.
Package hyperref Info: Hyper index ON on input line 6086.
Package hyperref Info: backreferencing OFF on input line 6093.
Package hyperref Info: Link coloring OFF on input line 6098.
Package hyperref Info: Link coloring with OCG OFF on input line 6103.
Package hyperref Info: PDF/A mode OFF on input line 6108.
\Hy@abspage=\count328


Package hyperref Message: Stopped early.

)
Package hyperref Info: Driver (autodetected): hpdftex.

(D:\WpSystem\S-1-5-21-3980317125-2991037478-2579826307-1003\AppData\Local\Packa
ges\MikTex\tex/latex/hyperref\hpdftex.def
File: hpdftex.def 2025-07-12 v7.01o Hyperref driver for pdfTeX
\Fld@listcount=\count329
\c@bookmark@seq@number=\count330

(D:\WpSystem\S-1-5-21-3980317125-2991037478-2579826307-1003\AppData\Local\Packa
ges\MikTex\tex/latex/rerunfilecheck\rerunfilecheck.sty
Package: rerunfilecheck 2025-06-21 v1.11 Rerun checks for auxiliary files (HO)

(D:\WpSystem\S-1-5-21-3980317125-2991037478-2579826307-1003\AppData\Local\Packa
ges\MikTex\tex/generic/uniquecounter\uniquecounter.sty
Package: uniquecounter 2019/12/15 v1.4 Provide unlimited unique counter (HO)
)
Package uniquecounter Info: New unique counter `rerunfilecheck' on input line 2
84.
))
(D:\WpSystem\S-1-5-21-3980317125-2991037478-2579826307-1003\AppData\Local\Packa
ges\MikTex\tex/latex/beamer\beamerbaserequires.sty
(D:\WpSystem\S-1-5-21-3980317125-2991037478-2579826307-1003\AppData\Local\Packa
ges\MikTex\tex/latex/beamer\beamerbasecompatibility.sty)
(D:\WpSystem\S-1-5-21-3980317125-2991037478-2579826307-1003\AppData\Local\Packa
ges\MikTex\tex/latex/beamer\beamerbasefont.sty
(D:\WpSystem\S-1-5-21-3980317125-2991037478-2579826307-1003\AppData\Local\Packa
ges\MikTex\tex/latex/amsfonts\amssymb.sty
Package: amssymb 2013/01/14 v3.01 AMS font symbols

(D:\WpSystem\S-1-5-21-3980317125-2991037478-2579826307-1003\AppData\Local\Packa
ges\MikTex\tex/latex/amsfonts\amsfonts.sty
Package: amsfonts 2013/01/14 v3.01 Basic AMSFonts support
\@emptytoks=\toks29
\symAMSa=\mathgroup4
\symAMSb=\mathgroup5
LaTeX Font Info:    Redeclaring math symbol \hbar on input line 98.
LaTeX Font Info:    Overwriting math alphabet `\mathfrak' in version `bold'
(Font)                  U/euf/m/n --> U/euf/b/n on input line 106.
))
(D:\WpSystem\S-1-5-21-3980317125-2991037478-2579826307-1003\AppData\Local\Packa
ges\MikTex\tex/latex/sansmathaccent\sansmathaccent.sty
Package: sansmathaccent 2020/01/31

(D:\WpSystem\S-1-5-21-3980317125-2991037478-2579826307-1003\AppData\Local\Packa
ges\MikTex\tex/latex/koma-script\scrlfile.sty
Package: scrlfile 2025/09/09 v3.48 KOMA-Script package (file load hooks)

(D:\WpSystem\S-1-5-21-3980317125-2991037478-2579826307-1003\AppData\Local\Packa
ges\MikTex\tex/latex/koma-script\scrlfile-hook.sty
Package: scrlfile-hook 2025/09/09 v3.48 KOMA-Script package (using LaTeX hooks)


(D:\WpSystem\S-1-5-21-3980317125-2991037478-2579826307-1003\AppData\Local\Packa
ges\MikTex\tex/latex/koma-script\scrlogo.sty
Package: scrlogo 2025/09/09 v3.48 KOMA-Script package (logo)
)))))
(D:\WpSystem\S-1-5-21-3980317125-2991037478-2579826307-1003\AppData\Local\Packa
ges\MikTex\tex/latex/beamer\beamerbasetranslator.sty
(D:\WpSystem\S-1-5-21-3980317125-2991037478-2579826307-1003\AppData\Local\Packa
ges\MikTex\tex/latex/translator\translator.sty
Package: translator 2021-05-31 v1.12d Easy translation of strings in LaTeX
))
(D:\WpSystem\S-1-5-21-3980317125-2991037478-2579826307-1003\AppData\Local\Packa
ges\MikTex\tex/latex/beamer\beamerbasemisc.sty)
(D:\WpSystem\S-1-5-21-3980317125-2991037478-2579826307-1003\AppData\Local\Packa
ges\MikTex\tex/latex/beamer\beamerbasetwoscreens.sty)
(D:\WpSystem\S-1-5-21-3980317125-2991037478-2579826307-1003\AppData\Local\Packa
ges\MikTex\tex/latex/beamer\beamerbaseoverlay.sty
\beamer@argscount=\count331
\beamer@lastskipcover=\skip52
\beamer@trivlistdepth=\count332
)
(D:\WpSystem\S-1-5-21-3980317125-2991037478-2579826307-1003\AppData\Local\Packa
ges\MikTex\tex/latex/beamer\beamerbasetitle.sty)
(D:\WpSystem\S-1-5-21-3980317125-2991037478-2579826307-1003\AppData\Local\Packa
ges\MikTex\tex/latex/beamer\beamerbasesection.sty
\c@lecture=\count333
\c@part=\count334
\c@section=\count335
\c@subsection=\count336
\c@subsubsection=\count337
)
(D:\WpSystem\S-1-5-21-3980317125-2991037478-2579826307-1003\AppData\Local\Packa
ges\MikTex\tex/latex/beamer\beamerbaseframe.sty
\beamer@framebox=\box68
\beamer@frametitlebox=\box69
\beamer@zoombox=\box70
\beamer@zoomcount=\count338
\beamer@zoomframecount=\count339
\beamer@frametextheight=\dimen279
\c@subsectionslide=\count340
\beamer@frametopskip=\skip53
\beamer@framebottomskip=\skip54
\beamer@frametopskipautobreak=\skip55
\beamer@framebottomskipautobreak=\skip56
\beamer@envbody=\toks30
\framewidth=\dimen280
\c@framenumber=\count341
)
(D:\WpSystem\S-1-5-21-3980317125-2991037478-2579826307-1003\AppData\Local\Packa
ges\MikTex\tex/latex/beamer\beamerbaseverbatim.sty
\beamer@verbatimfileout=\write4
)
(D:\WpSystem\S-1-5-21-3980317125-2991037478-2579826307-1003\AppData\Local\Packa
ges\MikTex\tex/latex/beamer\beamerbaseframesize.sty
\beamer@splitbox=\box71
\beamer@autobreakcount=\count342
\beamer@autobreaklastheight=\dimen281
\beamer@frametitletoks=\toks31
\beamer@framesubtitletoks=\toks32
)
(D:\WpSystem\S-1-5-21-3980317125-2991037478-2579826307-1003\AppData\Local\Packa
ges\MikTex\tex/latex/beamer\beamerbaseframecomponents.sty
\beamer@colheight=\skip57
\beamer@footins=\box72
)
(D:\WpSystem\S-1-5-21-3980317125-2991037478-2579826307-1003\AppData\Local\Packa
ges\MikTex\tex/latex/beamer\beamerbasecolor.sty)
(D:\WpSystem\S-1-5-21-3980317125-2991037478-2579826307-1003\AppData\Local\Packa
ges\MikTex\tex/latex/beamer\beamerbasenotes.sty
\beamer@frameboxcopy=\box73
)
(D:\WpSystem\S-1-5-21-3980317125-2991037478-2579826307-1003\AppData\Local\Packa
ges\MikTex\tex/latex/beamer\beamerbasetoc.sty)
(D:\WpSystem\S-1-5-21-3980317125-2991037478-2579826307-1003\AppData\Local\Packa
ges\MikTex\tex/latex/beamer\beamerbasetemplates.sty
\beamer@sbttoks=\toks33

(D:\WpSystem\S-1-5-21-3980317125-2991037478-2579826307-1003\AppData\Local\Packa
ges\MikTex\tex/latex/beamer\beamerbaseauxtemplates.sty
(D:\WpSystem\S-1-5-21-3980317125-2991037478-2579826307-1003\AppData\Local\Packa
ges\MikTex\tex/latex/beamer\beamerbaseboxes.sty
\bmb@box=\box74
\bmb@colorbox=\box75
\bmb@boxwidth=\dimen282
\bmb@boxheight=\dimen283
\bmb@prevheight=\dimen284
\bmb@temp=\dimen285
\bmb@dima=\dimen286
\bmb@dimb=\dimen287
\bmb@prevheight=\dimen288
)
\beamer@blockheadheight=\dimen289
))
(D:\WpSystem\S-1-5-21-3980317125-2991037478-2579826307-1003\AppData\Local\Packa
ges\MikTex\tex/latex/beamer\beamerbaselocalstructure.sty
(D:\WpSystem\S-1-5-21-3980317125-2991037478-2579826307-1003\AppData\Local\Packa
ges\MikTex\tex/latex/tools\enumerate.sty
Package: enumerate 2023/07/04 v3.00 enumerate extensions (DPC)
\@enLab=\toks34
)
\beamer@bibiconwidth=\skip58
\c@figure=\count343
\c@table=\count344
\abovecaptionskip=\skip59
\belowcaptionskip=\skip60
)
(D:\WpSystem\S-1-5-21-3980317125-2991037478-2579826307-1003\AppData\Local\Packa
ges\MikTex\tex/latex/beamer\beamerbasenavigation.sty
(D:\WpSystem\S-1-5-21-3980317125-2991037478-2579826307-1003\AppData\Local\Packa
ges\MikTex\tex/latex/beamer\beamerbasenavigationsymbols.tex)
\beamer@section@min@dim=\dimen290
)
(D:\WpSystem\S-1-5-21-3980317125-2991037478-2579826307-1003\AppData\Local\Packa
ges\MikTex\tex/latex/beamer\beamerbasetheorems.sty
(D:\WpSystem\S-1-5-21-3980317125-2991037478-2579826307-1003\AppData\Local\Packa
ges\MikTex\tex/latex/amsmath\amsmath.sty
Package: amsmath 2025/06/16 v2.17y AMS math features
\@mathmargin=\skip61

For additional information on amsmath, use the `?' option.

(D:\WpSystem\S-1-5-21-3980317125-2991037478-2579826307-1003\AppData\Local\Packa
ges\MikTex\tex/latex/amsmath\amstext.sty
Package: amstext 2024/11/17 v2.01 AMS text

(D:\WpSystem\S-1-5-21-3980317125-2991037478-2579826307-1003\AppData\Local\Packa
ges\MikTex\tex/latex/amsmath\amsgen.sty
File: amsgen.sty 1999/11/30 v2.0 generic functions
\@emptytoks=\toks35
\ex@=\dimen291
))
(D:\WpSystem\S-1-5-21-3980317125-2991037478-2579826307-1003\AppData\Local\Packa
ges\MikTex\tex/latex/amsmath\amsbsy.sty
Package: amsbsy 1999/11/29 v1.2d Bold Symbols
\pmbraise@=\dimen292
)
(D:\WpSystem\S-1-5-21-3980317125-2991037478-2579826307-1003\AppData\Local\Packa
ges\MikTex\tex/latex/amsmath\amsopn.sty
Package: amsopn 2022/04/08 v2.04 operator names
)
\inf@bad=\count345
LaTeX Info: Redefining \frac on input line 233.
\uproot@=\count346
\leftroot@=\count347
LaTeX Info: Redefining \overline on input line 398.
LaTeX Info: Redefining \colon on input line 409.
\classnum@=\count348
\DOTSCASE@=\count349
LaTeX Info: Redefining \ldots on input line 495.
LaTeX Info: Redefining \dots on input line 498.
LaTeX Info: Redefining \cdots on input line 619.
\Mathstrutbox@=\box76
\strutbox@=\box77
LaTeX Info: Redefining \big on input line 721.
LaTeX Info: Redefining \Big on input line 722.
LaTeX Info: Redefining \bigg on input line 723.
LaTeX Info: Redefining \Bigg on input line 724.
\big@size=\dimen293
LaTeX Font Info:    Redeclaring font encoding OML on input line 742.
LaTeX Font Info:    Redeclaring font encoding OMS on input line 743.
\macc@depth=\count350
LaTeX Info: Redefining \bmod on input line 904.
LaTeX Info: Redefining \pmod on input line 909.
LaTeX Info: Redefining \smash on input line 939.
LaTeX Info: Redefining \relbar on input line 969.
LaTeX Info: Redefining \Relbar on input line 970.
\c@MaxMatrixCols=\count351
\dotsspace@=\muskip18
\c@parentequation=\count352
\dspbrk@lvl=\count353
\tag@help=\toks36
\row@=\count354
\column@=\count355
\maxfields@=\count356
\andhelp@=\toks37
\eqnshift@=\dimen294
\alignsep@=\dimen295
\tagshift@=\dimen296
\tagwidth@=\dimen297
\totwidth@=\dimen298
\lineht@=\dimen299
\@envbody=\toks38
\multlinegap=\skip62
\multlinetaggap=\skip63
\mathdisplay@stack=\toks39
LaTeX Info: Redefining \[ on input line 2949.
LaTeX Info: Redefining \] on input line 2950.
)
(D:\WpSystem\S-1-5-21-3980317125-2991037478-2579826307-1003\AppData\Local\Packa
ges\MikTex\tex/latex/amscls\amsthm.sty
Package: amsthm 2020/05/29 v2.20.6
\thm@style=\toks40
\thm@bodyfont=\toks41
\thm@headfont=\toks42
\thm@notefont=\toks43
\thm@headpunct=\toks44
\thm@preskip=\skip64
\thm@postskip=\skip65
\thm@headsep=\skip66
\dth@everypar=\toks45
)
\c@theorem=\count357
)
(D:\WpSystem\S-1-5-21-3980317125-2991037478-2579826307-1003\AppData\Local\Packa
ges\MikTex\tex/latex/beamer\beamerbasethemes.sty))
(D:\WpSystem\S-1-5-21-3980317125-2991037478-2579826307-1003\AppData\Local\Packa
ges\MikTex\tex/latex/beamer\beamerthemedefault.sty
(D:\WpSystem\S-1-5-21-3980317125-2991037478-2579826307-1003\AppData\Local\Packa
ges\MikTex\tex/latex/beamer\beamerfontthemedefault.sty)
(D:\WpSystem\S-1-5-21-3980317125-2991037478-2579826307-1003\AppData\Local\Packa
ges\MikTex\tex/latex/beamer\beamercolorthemedefault.sty)
(D:\WpSystem\S-1-5-21-3980317125-2991037478-2579826307-1003\AppData\Local\Packa
ges\MikTex\tex/latex/beamer\beamerinnerthemedefault.sty
\beamer@dima=\dimen300
\beamer@dimb=\dimen301
)
(D:\WpSystem\S-1-5-21-3980317125-2991037478-2579826307-1003\AppData\Local\Packa
ges\MikTex\tex/latex/beamer\beamerouterthemedefault.sty)))
(D:\WpSystem\S-1-5-21-3980317125-2991037478-2579826307-1003\AppData\Local\Packa
ges\MikTex\tex/latex/beamer\beamerthemeMadrid.sty
(D:\WpSystem\S-1-5-21-3980317125-2991037478-2579826307-1003\AppData\Local\Packa
ges\MikTex\tex/latex/beamer\beamercolorthemewhale.sty)
(D:\WpSystem\S-1-5-21-3980317125-2991037478-2579826307-1003\AppData\Local\Packa
ges\MikTex\tex/latex/beamer\beamercolorthemeorchid.sty)
(D:\WpSystem\S-1-5-21-3980317125-2991037478-2579826307-1003\AppData\Local\Packa
ges\MikTex\tex/latex/beamer\beamerinnerthemerounded.sty)
(D:\WpSystem\S-1-5-21-3980317125-2991037478-2579826307-1003\AppData\Local\Packa
ges\MikTex\tex/latex/beamer\beamerouterthemeinfolines.sty))
(D:\WpSystem\S-1-5-21-3980317125-2991037478-2579826307-1003\AppData\Local\Packa
ges\MikTex\tex/latex/l3backend\l3backend-pdftex.def
File: l3backend-pdftex.def 2025-06-09 L3 backend support: PDF output (pdfTeX)
\l__color_backend_stack_int=\count358
) (project_prasentation.aux)
\openout1 = `project_prasentation.aux'.

LaTeX Font Info:    Checking defaults for OML/cmm/m/it on input line 34.
LaTeX Font Info:    ... okay on input line 34.
LaTeX Font Info:    Checking defaults for OMS/cmsy/m/n on input line 34.
LaTeX Font Info:    ... okay on input line 34.
LaTeX Font Info:    Checking defaults for OT1/cmr/m/n on input line 34.
LaTeX Font Info:    ... okay on input line 34.
LaTeX Font Info:    Checking defaults for T1/cmr/m/n on input line 34.
LaTeX Font Info:    ... okay on input line 34.
LaTeX Font Info:    Checking defaults for TS1/cmr/m/n on input line 34.
LaTeX Font Info:    ... okay on input line 34.
LaTeX Font Info:    Checking defaults for OMX/cmex/m/n on input line 34.
LaTeX Font Info:    ... okay on input line 34.
LaTeX Font Info:    Checking defaults for U/cmr/m/n on input line 34.
LaTeX Font Info:    ... okay on input line 34.
LaTeX Font Info:    Checking defaults for PD1/pdf/m/n on input line 34.
LaTeX Font Info:    ... okay on input line 34.
LaTeX Font Info:    Checking defaults for PU/pdf/m/n on input line 34.
LaTeX Font Info:    ... okay on input line 34.
*geometry* driver: auto-detecting
*geometry* detected driver: pdftex
*geometry* verbose mode - [ preamble ] result:
* driver: pdftex
* paper: custom
* layout: <same size as paper>
* layoutoffset:(h,v)=(0.0pt,0.0pt)
* modes: includehead includefoot 
* h-part:(L,W,R)=(10.00002pt, 344.19533pt, 10.00002pt)
* v-part:(T,H,B)=(0.0pt, 273.14662pt, 0.0pt)
* \paperwidth=364.19536pt
* \paperheight=273.14662pt
* \textwidth=344.19533pt
* \textheight=244.6939pt
* \oddsidemargin=-62.26997pt
* \evensidemargin=-62.26997pt
* \topmargin=-72.26999pt
* \headheight=14.22636pt
* \headsep=0.0pt
* \topskip=10.0pt
* \footskip=14.22636pt
* \marginparwidth=3.0pt
* \marginparsep=11.0pt
* \columnsep=10.0pt
* \skip\footins=9.0pt plus 4.0pt minus 2.0pt
* \hoffset=0.0pt
* \voffset=0.0pt
* \mag=1000
* \@twocolumnfalse
* \@twosidefalse
* \@mparswitchfalse
* \@reversemarginfalse
* (1in=72.27pt=25.4mm, 1cm=28.453pt)


(D:\WpSystem\S-1-5-21-3980317125-2991037478-2579826307-1003\AppData\Local\Packa
ges\MikTex\tex/context/base/mkii\supp-pdf.mkii
[Loading MPS to PDF converter (version 2006.09.02).]
\scratchcounter=\count359
\scratchdimen=\dimen302
\scratchbox=\box78
\nofMPsegments=\count360
\nofMParguments=\count361
\everyMPshowfont=\toks46
\MPscratchCnt=\count362
\MPscratchDim=\dimen303
\MPnumerator=\count363
\makeMPintoPDFobject=\count364
\everyMPtoPDFconversion=\toks47
)
(D:\WpSystem\S-1-5-21-3980317125-2991037478-2579826307-1003\AppData\Local\Packa
ges\MikTex\tex/latex/epstopdf-pkg\epstopdf-base.sty
Package: epstopdf-base 2020-01-24 v2.11 Base part for package epstopdf
Package epstopdf-base Info: Redefining graphics rule for `.eps' on input line 4
85.

(D:\WpSystem\S-1-5-21-3980317125-2991037478-2579826307-1003\AppData\Local\Packa
ges\MikTex\tex/latex/00miktex\epstopdf-sys.cfg
File: epstopdf-sys.cfg 2021/03/18 v2.0 Configuration of epstopdf for MiKTeX
))
Package hyperref Info: Link coloring OFF on input line 34.
 (project_prasentation.out)
(project_prasentation.out)
\@outlinefile=\write5
\openout5 = `project_prasentation.out'.

LaTeX Font Info:    Overwriting symbol font `operators' in version `normal'
(Font)                  OT1/cmr/m/n --> OT1/cmss/m/n on input line 34.
LaTeX Font Info:    Overwriting symbol font `operators' in version `bold'
(Font)                  OT1/cmr/bx/n --> OT1/cmss/b/n on input line 34.
\symnumbers=\mathgroup6
\sympureletters=\mathgroup7
LaTeX Font Info:    Overwriting math alphabet `\mathrm' in version `normal'
(Font)                  OT1/cmss/m/n --> OT1/cmr/m/n on input line 34.
LaTeX Font Info:    Redeclaring math alphabet \mathbf on input line 34.
LaTeX Font Info:    Overwriting math alphabet `\mathbf' in version `normal'
(Font)                  OT1/cmr/bx/n --> OT1/cmss/b/n on input line 34.
LaTeX Font Info:    Overwriting math alphabet `\mathbf' in version `bold'
(Font)                  OT1/cmr/bx/n --> OT1/cmss/b/n on input line 34.
LaTeX Font Info:    Redeclaring math alphabet \mathsf on input line 34.
LaTeX Font Info:    Overwriting math alphabet `\mathsf' in version `normal'
(Font)                  OT1/cmss/m/n --> OT1/cmss/m/n on input line 34.
LaTeX Font Info:    Overwriting math alphabet `\mathsf' in version `bold'
(Font)                  OT1/cmss/bx/n --> OT1/cmss/m/n on input line 34.
LaTeX Font Info:    Redeclaring math alphabet \mathit on input line 34.
LaTeX Font Info:    Overwriting math alphabet `\mathit' in version `normal'
(Font)                  OT1/cmr/m/it --> OT1/cmss/m/it on input line 34.
LaTeX Font Info:    Overwriting math alphabet `\mathit' in version `bold'
(Font)                  OT1/cmr/bx/it --> OT1/cmss/m/it on input line 34.
LaTeX Font Info:    Redeclaring math alphabet \mathtt on input line 34.
LaTeX Font Info:    Overwriting math alphabet `\mathtt' in version `normal'
(Font)                  OT1/cmtt/m/n --> OT1/cmtt/m/n on input line 34.
LaTeX Font Info:    Overwriting math alphabet `\mathtt' in version `bold'
(Font)                  OT1/cmtt/m/n --> OT1/cmtt/m/n on input line 34.
LaTeX Font Info:    Overwriting symbol font `numbers' in version `bold'
(Font)                  OT1/cmss/m/n --> OT1/cmss/b/n on input line 34.
LaTeX Font Info:    Overwriting symbol font `pureletters' in version `bold'
(Font)                  OT1/cmss/m/it --> OT1/cmss/b/it on input line 34.
LaTeX Font Info:    Overwriting math alphabet `\mathrm' in version `bold'
(Font)                  OT1/cmss/b/n --> OT1/cmr/b/n on input line 34.
LaTeX Font Info:    Overwriting math alphabet `\mathbf' in version `bold'
(Font)                  OT1/cmss/b/n --> OT1/cmss/b/n on input line 34.
LaTeX Font Info:    Overwriting math alphabet `\mathsf' in version `bold'
(Font)                  OT1/cmss/m/n --> OT1/cmss/b/n on input line 34.
LaTeX Font Info:    Overwriting math alphabet `\mathit' in version `bold'
(Font)                  OT1/cmss/m/it --> OT1/cmss/b/it on input line 34.
LaTeX Font Info:    Overwriting math alphabet `\mathtt' in version `bold'
(Font)                  OT1/cmtt/m/n --> OT1/cmtt/b/n on input line 34.
LaTeX Font Info:    Redeclaring symbol font `pureletters' on input line 34.
LaTeX Font Info:    Overwriting symbol font `pureletters' in version `normal'
(Font)                  OT1/cmss/m/it --> OT1/mathkerncmss/m/sl on input line 3
4.
LaTeX Font Info:    Overwriting symbol font `pureletters' in version `bold'
(Font)                  OT1/cmss/b/it --> OT1/mathkerncmss/m/sl on input line 3
4.
LaTeX Font Info:    Overwriting symbol font `pureletters' in version `bold'
(Font)                  OT1/mathkerncmss/m/sl --> OT1/mathkerncmss/bx/sl on inp
ut line 34.

(D:\WpSystem\S-1-5-21-3980317125-2991037478-2579826307-1003\AppData\Local\Packa
ges\MikTex\tex/latex/translator\translator-basic-dictionary-English.dict
Dictionary: translator-basic-dictionary, Language: English 
)
(D:\WpSystem\S-1-5-21-3980317125-2991037478-2579826307-1003\AppData\Local\Packa
ges\MikTex\tex/latex/translator\translator-bibliography-dictionary-English.dict
Dictionary: translator-bibliography-dictionary, Language: English 
)
(D:\WpSystem\S-1-5-21-3980317125-2991037478-2579826307-1003\AppData\Local\Packa
ges\MikTex\tex/latex/translator\translator-environment-dictionary-English.dict
Dictionary: translator-environment-dictionary, Language: English 
)
(D:\WpSystem\S-1-5-21-3980317125-2991037478-2579826307-1003\AppData\Local\Packa
ges\MikTex\tex/latex/translator\translator-months-dictionary-English.dict
Dictionary: translator-months-dictionary, Language: English 
)
(D:\WpSystem\S-1-5-21-3980317125-2991037478-2579826307-1003\AppData\Local\Packa
ges\MikTex\tex/latex/translator\translator-numbers-dictionary-English.dict
Dictionary: translator-numbers-dictionary, Language: English 
)
(D:\WpSystem\S-1-5-21-3980317125-2991037478-2579826307-1003\AppData\Local\Packa
ges\MikTex\tex/latex/translator\translator-theorem-dictionary-English.dict
Dictionary: translator-theorem-dictionary, Language: English 
)
(project_prasentation.nav)
Overfull \hbox (30.3673pt too wide) in paragraph at lines 34--34
 [][]  \OT1/cmss/m/n/5 ([])  
 []


Overfull \hbox (30.3673pt too wide) in paragraph at lines 39--39
 [][]  \OT1/cmss/m/n/5 ([])  
 []




Overfull \hbox (30.3673pt too wide) has occurred while \output is active
 [][]  \OT1/cmss/m/n/5 ([])  
 []

[1

{C:/Users/inavarS/AppData/Local/MiKTeX/fonts/map/pdftex/pdftex.map}]
Overfull \hbox (30.3673pt too wide) in paragraph at lines 43--43
 [][]  \OT1/cmss/m/n/5 ([])  
 []

(project_prasentation.toc)


Overfull \hbox (30.3673pt too wide) has occurred while \output is active
 [][]  \OT1/cmss/m/n/5 ([])  
 []

[2

]
Overfull \hbox (30.3673pt too wide) in paragraph at lines 67--67
 [][]  \OT1/cmss/m/n/5 ([])  
 []




Overfull \hbox (30.3673pt too wide) has occurred while \output is active
 [][]  \OT1/cmss/m/n/5 ([])  
 []

[3

]
Overfull \hbox (30.3673pt too wide) in paragraph at lines 86--86
 [][]  \OT1/cmss/m/n/5 ([])  
 []




Overfull \hbox (30.3673pt too wide) has occurred while \output is active
 [][]  \OT1/cmss/m/n/5 ([])  
 []

[4

]
Overfull \hbox (30.3673pt too wide) in paragraph at lines 109--109
 [][]  \OT1/cmss/m/n/5 ([])  
 []




Overfull \hbox (30.3673pt too wide) has occurred while \output is active
 [][]  \OT1/cmss/m/n/5 ([])  
 []

[5

]
Overfull \hbox (30.3673pt too wide) in paragraph at lines 128--128
 [][]  \OT1/cmss/m/n/5 ([])  
 []




Overfull \hbox (30.3673pt too wide) has occurred while \output is active
 [][]  \OT1/cmss/m/n/5 ([])  
 []

[6

]
Overfull \hbox (30.3673pt too wide) in paragraph at lines 148--148
 [][]  \OT1/cmss/m/n/5 ([])  
 []




Overfull \hbox (30.3673pt too wide) has occurred while \output is active
 [][]  \OT1/cmss/m/n/5 ([])  
 []

[7

]
Overfull \hbox (30.3673pt too wide) in paragraph at lines 176--176
 [][]  \OT1/cmss/m/n/5 ([])  
 []

LaTeX Font Info:    Trying to load font information for U+msa on input line 176
.

(D:\WpSystem\S-1-5-21-3980317125-2991037478-2579826307-1003\AppData\Local\Packa
ges\MikTex\tex/latex/amsfonts\umsa.fd
File: umsa.fd 2013/01/14 v3.01 AMS symbols A
)
LaTeX Font Info:    Trying to load font information for U+msb on input line 176
.

(D:\WpSystem\S-1-5-21-3980317125-2991037478-2579826307-1003\AppData\Local\Packa
ges\MikTex\tex/latex/amsfonts\umsb.fd
File: umsb.fd 2013/01/14 v3.01 AMS symbols B
)
LaTeX Font Info:    Trying to load font information for OT1+mathkerncmss on inp
ut line 176.

(D:\WpSystem\S-1-5-21-3980317125-2991037478-2579826307-1003\AppData\Local\Packa
ges\MikTex\tex/latex/sansmathaccent\ot1mathkerncmss.fd
File: ot1mathkerncmss.fd 2020/01/31 Fontinst v1.933 font definitions for OT1/ma
thkerncmss.
)


Overfull \hbox (30.3673pt too wide) has occurred while \output is active
 [][]  \OT1/cmss/m/n/5 ([])  
 []

[8

]
Overfull \hbox (30.3673pt too wide) in paragraph at lines 196--196
 [][]  \OT1/cmss/m/n/5 ([])  
 []




Overfull \hbox (30.3673pt too wide) has occurred while \output is active
 [][]  \OT1/cmss/m/n/5 ([])  
 []

[9

]
Overfull \hbox (30.3673pt too wide) in paragraph at lines 233--233
 [][]  \OT1/cmss/m/n/5 ([])  
 []




Overfull \hbox (30.3673pt too wide) has occurred while \output is active
 [][]  \OT1/cmss/m/n/5 ([])  
 []

[10

]
Overfull \hbox (30.3673pt too wide) in paragraph at lines 250--250
 [][]  \OT1/cmss/m/n/5 ([])  
 []




Overfull \hbox (30.3673pt too wide) has occurred while \output is active
 [][]  \OT1/cmss/m/n/5 ([])  
 []

[11

]
Overfull \hbox (30.3673pt too wide) in paragraph at lines 268--268
 [][]  \OT1/cmss/m/n/5 ([])  
 []




Overfull \hbox (30.3673pt too wide) has occurred while \output is active
 [][]  \OT1/cmss/m/n/5 ([])  
 []

[12

]
Overfull \hbox (30.3673pt too wide) in paragraph at lines 290--290
 [][]  \OT1/cmss/m/n/5 ([])  
 []

<efficientnetv2_architecture.png, id=411, 946.53625pt x 462.72874pt>
File: efficientnetv2_architecture.png Graphic file (type png)
<use efficientnetv2_architecture.png>
Package pdftex.def Info: efficientnetv2_architecture.png  used on input line 29
0.
(pdftex.def)             Requested size: 344.19533pt x 168.26265pt.



Overfull \hbox (30.3673pt too wide) has occurred while \output is active
 [][]  \OT1/cmss/m/n/5 ([])  
 []

[13

 <./efficientnetv2_architecture.png>]
Overfull \hbox (30.3673pt too wide) in paragraph at lines 299--299
 [][]  \OT1/cmss/m/n/5 ([])  
 []

<model_architecture.png, id=439, 956.57375pt x 302.12875pt>
File: model_architecture.png Graphic file (type png)
<use model_architecture.png>
Package pdftex.def Info: model_architecture.png  used on input line 299.
(pdftex.def)             Requested size: 344.19533pt x 108.71094pt.



Overfull \hbox (30.3673pt too wide) has occurred while \output is active
 [][]  \OT1/cmss/m/n/5 ([])  
 []

[14

 <./model_architecture.png>]
Overfull \hbox (30.3673pt too wide) in paragraph at lines 332--332
 [][]  \OT1/cmss/m/n/5 ([])  
 []




Overfull \hbox (30.3673pt too wide) has occurred while \output is active
 [][]  \OT1/cmss/m/n/5 ([])  
 []

[15

]
Overfull \hbox (30.3673pt too wide) in paragraph at lines 341--341
 [][]  \OT1/cmss/m/n/5 ([])  
 []

<smote_generation_example.png, id=493, 947.54pt x 336.25626pt>
File: smote_generation_example.png Graphic file (type png)
<use smote_generation_example.png>
Package pdftex.def Info: smote_generation_example.png  used on input line 341.
(pdftex.def)             Requested size: 309.77368pt x 109.92847pt.



Overfull \hbox (30.3673pt too wide) has occurred while \output is active
 [][]  \OT1/cmss/m/n/5 ([])  
 []

[16

 <./smote_generation_example.png>]
Overfull \hbox (30.3673pt too wide) in paragraph at lines 365--365
 [][]  \OT1/cmss/m/n/5 ([])  
 []




Overfull \hbox (30.3673pt too wide) has occurred while \output is active
 [][]  \OT1/cmss/m/n/5 ([])  
 []

[17

]
Overfull \hbox (30.3673pt too wide) in paragraph at lines 375--375
 [][]  \OT1/cmss/m/n/5 ([])  
 []

<Training_pipeline.png, id=549, 1541.76pt x 1027.84pt>
File: Training_pipeline.png Graphic file (type png)
<use Training_pipeline.png>
Package pdftex.def Info: Training_pipeline.png  used on input line 375.
(pdftex.def)             Requested size: 344.19533pt x 229.45041pt.

Overfull \vbox (6.69788pt too high) detected at line 375
 []




Overfull \hbox (30.3673pt too wide) has occurred while \output is active
 [][]  \OT1/cmss/m/n/5 ([])  
 []

[18

 <./Training_pipeline.png (PNG copy)>]
Overfull \hbox (30.3673pt too wide) in paragraph at lines 406--406
 [][]  \OT1/cmss/m/n/5 ([])  
 []




Overfull \hbox (30.3673pt too wide) has occurred while \output is active
 [][]  \OT1/cmss/m/n/5 ([])  
 []

[19

]
Overfull \hbox (30.3673pt too wide) in paragraph at lines 426--426
 [][]  \OT1/cmss/m/n/5 ([])  
 []

<accuracy_vs_epoch.png, id=605, 450.0012pt x 338.9463pt>
File: accuracy_vs_epoch.png Graphic file (type png)
<use accuracy_vs_epoch.png>
Package pdftex.def Info: accuracy_vs_epoch.png  used on input line 426.
(pdftex.def)             Requested size: 292.56812pt x 220.36421pt.

Overfull \vbox (57.09203pt too high) detected at line 426
 []




Overfull \hbox (30.3673pt too wide) has occurred while \output is active
 [][]  \OT1/cmss/m/n/5 ([])  
 []

[20

 <./accuracy_vs_epoch.png>]
Overfull \hbox (30.3673pt too wide) in paragraph at lines 441--441
 [][]  \OT1/cmss/m/n/5 ([])  
 []

<loss_vs_epoch.png, id=635, 450.0012pt x 338.9463pt>
File: loss_vs_epoch.png Graphic file (type png)
<use loss_vs_epoch.png>
Package pdftex.def Info: loss_vs_epoch.png  used on input line 441.
(pdftex.def)             Requested size: 292.56812pt x 220.36421pt.

Overfull \vbox (57.09203pt too high) detected at line 441
 []




Overfull \hbox (30.3673pt too wide) has occurred while \output is active
 [][]  \OT1/cmss/m/n/5 ([])  
 []

[21

 <./loss_vs_epoch.png>]
Overfull \hbox (30.3673pt too wide) in paragraph at lines 456--456
 [][]  \OT1/cmss/m/n/5 ([])  
 []

<accuracy_vs_loss.png, id=663, 457.4691pt x 338.9463pt>
File: accuracy_vs_loss.png Graphic file (type png)
<use accuracy_vs_loss.png>
Package pdftex.def Info: accuracy_vs_loss.png  used on input line 456.
(pdftex.def)             Requested size: 292.56812pt x 216.78008pt.

Overfull \vbox (53.50789pt too high) detected at line 456
 []




Overfull \hbox (30.3673pt too wide) has occurred while \output is active
 [][]  \OT1/cmss/m/n/5 ([])  
 []

[22

 <./accuracy_vs_loss.png>]
Overfull \hbox (30.3673pt too wide) in paragraph at lines 472--472
 [][]  \OT1/cmss/m/n/5 ([])  
 []

<final_metrics.png, id=691, 443.4969pt x 324.9741pt>
File: final_metrics.png Graphic file (type png)
<use final_metrics.png>
Package pdftex.def Info: final_metrics.png  used on input line 472.
(pdftex.def)             Requested size: 258.14648pt x 189.16444pt.

Overfull \vbox (23.94781pt too high) detected at line 472
 []




Overfull \hbox (30.3673pt too wide) has occurred while \output is active
 [][]  \OT1/cmss/m/n/5 ([])  
 []

[23

 <./final_metrics.png>]
Overfull \hbox (30.3673pt too wide) in paragraph at lines 483--483
 [][]  \OT1/cmss/m/n/5 ([])  
 []




Overfull \hbox (30.3673pt too wide) has occurred while \output is active
 [][]  \OT1/cmss/m/n/5 ([])  
 []

[24

]
Overfull \hbox (30.3673pt too wide) in paragraph at lines 493--493
 [][]  \OT1/cmss/m/n/5 ([])  
 []




Overfull \hbox (30.3673pt too wide) has occurred while \output is active
 [][]  \OT1/cmss/m/n/5 ([])  
 []

[25

]
Overfull \hbox (30.3673pt too wide) in paragraph at lines 516--516
 [][]  \OT1/cmss/m/n/5 ([])  
 []




Overfull \hbox (30.3673pt too wide) has occurred while \output is active
 [][]  \OT1/cmss/m/n/5 ([])  
 []

[26

]
Overfull \hbox (30.3673pt too wide) in paragraph at lines 534--534
 [][]  \OT1/cmss/m/n/5 ([])  
 []




Overfull \hbox (30.3673pt too wide) has occurred while \output is active
 [][]  \OT1/cmss/m/n/5 ([])  
 []

[27

]
Overfull \hbox (30.3673pt too wide) in paragraph at lines 555--555
 [][]  \OT1/cmss/m/n/5 ([])  
 []




Overfull \hbox (30.3673pt too wide) has occurred while \output is active
 [][]  \OT1/cmss/m/n/5 ([])  
 []

[28

]
\tf@nav=\write6
\openout6 = `project_prasentation.nav'.

\tf@toc=\write7
\openout7 = `project_prasentation.toc'.

\tf@snm=\write8
\openout8 = `project_prasentation.snm'.

 (project_prasentation.aux)
 ***********
LaTeX2e <2025-06-01> patch level 1
L3 programming layer <2025-09-02>
 ***********
Package rerunfilecheck Info: File `project_prasentation.out' has not changed.
(rerunfilecheck)             Checksum: 18B4C4AF901A2647F5BFF968C98A01AC;927.
 ) 
Here is how much of TeX's memory you used:
 22013 strings out of 468080
 447343 string characters out of 5404596
 803423 words of memory out of 5000000
 50165 multiletter control sequences out of 15000+600000
 636781 words of font info for 73 fonts, out of 8000000 for 9000
 1141 hyphenation exceptions out of 8191
 128i,15n,123p,397b,604s stack positions out of 10000i,1000n,20000p,200000b,200000s
<D:/WpSystem/S-1-5-21-3980317125-2991037478-2579826307-1003/AppData/Local/Pac
kages/MikTex/fonts/type1/public/amsfonts/cm/cmss10.pfb><D:/WpSystem/S-1-5-21-39
80317125-2991037478-2579826307-1003/AppData/Local/Packages/MikTex/fonts/type1/p
ublic/amsfonts/cm/cmss12.pfb><D:/WpSystem/S-1-5-21-3980317125-2991037478-257982
6307-1003/AppData/Local/Packages/MikTex/fonts/type1/public/amsfonts/cm/cmss8.pf
b><D:/WpSystem/S-1-5-21-3980317125-2991037478-2579826307-1003/AppData/Local/Pac
kages/MikTex/fonts/type1/public/amsfonts/cm/cmss9.pfb><D:/WpSystem/S-1-5-21-398
0317125-2991037478-2579826307-1003/AppData/Local/Packages/MikTex/fonts/type1/pu
blic/amsfonts/cm/cmssbx10.pfb><D:/WpSystem/S-1-5-21-3980317125-2991037478-25798
26307-1003/AppData/Local/Packages/MikTex/fonts/type1/public/amsfonts/cm/cmsy6.p
fb><D:/WpSystem/S-1-5-21-3980317125-2991037478-2579826307-1003/AppData/Local/Pa
ckages/MikTex/fonts/type1/public/amsfonts/cm/cmsy9.pfb><D:/WpSystem/S-1-5-21-39
80317125-2991037478-2579826307-1003/AppData/Local/Packages/MikTex/fonts/type1/p
ublic/amsfonts/cm/cmtt9.pfb>
Output written on project_prasentation.pdf (28 pages, 1342172 bytes).
PDF statistics:
 903 PDF objects out of 1000 (max. 8388607)
 65 named destinations out of 1000 (max. 500000)
 201 words of extra memory for PDF output out of 10000 (max. 10000000)

